<?xml version="1.0" encoding="UTF-8"?>
<testng-results skipped="0" failed="0" total="3" passed="3">
  <reporter-output>
  </reporter-output>
  <suite name="Default suite" duration-ms="97333" started-at="2016-12-25T14:08:07Z" finished-at="2016-12-25T14:09:45Z">
    <groups>
    </groups>
    <test name="Default test" duration-ms="97333" started-at="2016-12-25T14:08:07Z" finished-at="2016-12-25T14:09:45Z">
      <class name="com.Bing.TestBingFive.TestBing">
        <test-method status="PASS" signature="beforeTest()[pri:0, instance:com.Bing.TestBingFive.TestBing@5e5792a0]" name="beforeTest" is-config="true" duration-ms="3623" started-at="2016-12-25T16:08:07Z" finished-at="2016-12-25T16:08:11Z">
          <reporter-output>
          </reporter-output>
        </test-method> <!-- beforeTest -->
        <test-method status="PASS" signature="Test1()[pri:0, instance:com.Bing.TestBingFive.TestBing@5e5792a0]" name="Test1" duration-ms="1263" started-at="2016-12-25T16:08:11Z" finished-at="2016-12-25T16:08:12Z">
          <reporter-output>
          </reporter-output>
        </test-method> <!-- Test1 -->
        <test-method status="PASS" signature="Test2(java.lang.String)[pri:0, instance:com.Bing.TestBingFive.TestBing@5e5792a0]" name="Test2" duration-ms="54974" started-at="2016-12-25T16:08:12Z" data-provider="Select" depends-on-methods="com.Bing.TestBingFive.TestBing.Test1" finished-at="2016-12-25T16:09:07Z">
          <params>
            <param index="0">
              <value>
                <![CDATA[automatio]]>
              </value>
            </param>
          </params>
          <reporter-output>
          </reporter-output>
        </test-method> <!-- Test2 -->
        <test-method status="PASS" signature="Test2(java.lang.String)[pri:0, instance:com.Bing.TestBingFive.TestBing@5e5792a0]" name="Test2" duration-ms="36277" started-at="2016-12-25T16:09:07Z" data-provider="Select" depends-on-methods="com.Bing.TestBingFive.TestBing.Test1" finished-at="2016-12-25T16:09:43Z">
          <params>
            <param index="0">
              <value>
                <![CDATA[car tesl]]>
              </value>
            </param>
          </params>
          <reporter-output>
          </reporter-output>
        </test-method> <!-- Test2 -->
        <test-method status="PASS" signature="afterTest()[pri:0, instance:com.Bing.TestBingFive.TestBing@5e5792a0]" name="afterTest" is-config="true" duration-ms="1175" started-at="2016-12-25T16:09:43Z" finished-at="2016-12-25T16:09:45Z">
          <reporter-output>
          </reporter-output>
        </test-method> <!-- afterTest -->
      </class> <!-- com.Bing.TestBingFive.TestBing -->
    </test> <!-- Default test -->
  </suite> <!-- Default suite -->
</testng-results>
