<?xml version="1.0" encoding="UTF-8"?>
<!-- Generated by org.testng.reporters.JUnitXMLReporter -->
<testsuite hostname="DESKTOP-G6T0SJ9" name="Default test" tests="3" failures="0" timestamp="25 Dec 2016 14:09:45 GMT" time="97.333" errors="0">
  <testcase name="Test1" time="1.263" classname="com.Bing.TestBingFive.TestBing"/>
  <testcase name="Test2" time="54.974" classname="com.Bing.TestBingFive.TestBing"/>
  <testcase name="Test2" time="36.277" classname="com.Bing.TestBingFive.TestBing"/>
</testsuite> <!-- Default test -->
