<?xml version="1.0" encoding="UTF-8"?>
<!-- Generated by org.testng.reporters.JUnitXMLReporter -->
<testsuite hostname="DESKTOP-G6T0SJ9" name="Default test" tests="3" failures="0" timestamp="25 Dec 2016 16:18:04 GMT" time="104.163" errors="0">
  <testcase name="Test1" time="1.185" classname="com.Bing.TestBingFive.TestBing"/>
  <testcase name="Test2" time="60.446" classname="com.Bing.TestBingFive.TestBing"/>
  <testcase name="Test2" time="37.763" classname="com.Bing.TestBingFive.TestBing"/>
</testsuite> <!-- Default test -->
